7 [4130803264] INFO perfrun.launcher <> - Launcher main begin
7 [4130803264] INFO perfrun.launcher <> - MessageCatalogInit finished
7 [4130803264] INFO perfrun.launcher <> - Launcher instance created
7 [4130803264] INFO perfrun.launcher <> - argc = 6; cmdline = /home/sdp/intel/oneapi/vtune/2024.0/bin32/amplxe-runss -dump-vdso -r /home/sdp/yosef/NPB-CPP/NPB-OMP/vtunes/cg.A.112/r001hs --tmp-dir /tmp/amplxe-tmp-sdp 
49 [4130803264] INFO perfrun.launcher <> - create msngr2::ICliToolContext
49 [4130803264] INFO perfrun.launcher <> - create file finder object
87 [4130261696] INFO perfrun.launcher <> - plugin [remoteplug] was disabled because it doesn't support the given collection type.
87 [4130261696] INFO perfrun.launcher <> - plugin [] was disabled because it doesn't support the given collection type.
87 [4130261696] INFO perfrun.vdso <> - dumping [vdso] pseudomodule
88 [4130261696] INFO perfrun.launcher <> - plugin [] was disabled because it doesn't support the given collection type.
88 [4130261696] INFO perfrun.launcher <> - plugin [] was disabled because it doesn't support the given collection type.
88 [4130261696] INFO perfrun.launcher <> - plugin [] was disabled because it doesn't support the given collection type.
88 [4130261696] INFO perfrun.launcher <> - plugin [] was disabled because it doesn't support the given collection type.
88 [4130261696] INFO perfrun.launcher <> - plugin [] was disabled because it doesn't support the given collection type.
88 [4130261696] INFO perfrun.launcher <> - plugin [] was disabled because it doesn't support the given collection type.
88 [4130261696] INFO perfrun.launcher <> - plugin [] was disabled because it doesn't support the given collection type.
88 [4130261696] INFO perfrun.launcher <> - plugin [] was disabled because it doesn't support the given collection type.
88 [4130261696] INFO perfrun.launcher <> - plugin [] was disabled because it doesn't support the given collection type.
88 [4130261696] INFO perfrun.launcher <> - plugin [] was disabled because it doesn't support the given collection type.
88 [4130261696] INFO perfrun.launcher <> - plugin [] was disabled because it doesn't support the given collection type.
88 [4130261696] INFO perfrun.launcher <> - plugin [] was disabled because it doesn't support the given collection type.
88 [4130261696] INFO perfrun.launcher <> - plugin [] was disabled because it doesn't support the given collection type.
88 [4130261696] INFO perfrun.launcher <> - plugin [] was disabled because it doesn't support the given collection type.
88 [4130261696] INFO perfrun.launcher <> - plugin [] was disabled because it doesn't support the given collection type.
88 [4130261696] INFO perfrun.launcher <> - plugin [] was disabled because it doesn't support the given collection type.
88 [4130261696] INFO perfrun.launcher <> - plugin [] was disabled because it doesn't support the given collection type.
88 [4130261696] INFO perfrun.launcher <> - plugin [] was disabled because it doesn't support the given collection type.
88 [4130261696] INFO perfrun.launcher <> - plugin [] was disabled because it doesn't support the given collection type.
88 [4130261696] INFO perfrun.launcher <> - plugin [] was disabled because it doesn't support the given collection type.
88 [4130261696] INFO perfrun.launcher <> - plugin [] was disabled because it doesn't support the given collection type.
88 [4130261696] INFO perfrun.launcher <> - plugin [] was disabled because it doesn't support the given collection type.
88 [4130261696] INFO perfrun.launcher <> - plugin [] was disabled because it doesn't support the given collection type.
88 [4130261696] INFO perfrun.launcher <> - plugin [] was disabled because it doesn't support the given collection type.
88 [4130803264] INFO perfrun.launcher <> - Application exit code: 0
88 [4130803264] INFO perfrun.launcher <> - Exit code: 0
