6 [139930194126272] INFO perfrun.launcher <> - Launcher main begin
6 [139930194126272] INFO perfrun.launcher <> - MessageCatalogInit finished
6 [139930194126272] INFO perfrun.launcher <> - Launcher instance created
6 [139930194126272] INFO perfrun.launcher <> - argc = 7; cmdline = /home/sdp/intel/oneapi/vtune/2024.0/bin64/amplxe-runss --ui-output-format xml --ui-output-fd 5 --option-file /home/sdp/yosef/NPB-CPP/NPB-OMP/vtunes/lu.C.112/r000hs/config/runss.options 
46 [139930194126272] INFO perfrun.launcher <> - create msngr2::ICliToolContext
46 [139930194126272] INFO perfrun.launcher <> - create file finder object
46 [139930194126272] INFO perfrun.launcher <> - create a result directory: pattern = /home/sdp/yosef/NPB-CPP/NPB-OMP/vtunes/lu.C.112/r000hs pid = 4294967295
66 [139930194126272] INFO perfrun.sdk <> - checked that the directory /home/sdp/yosef/NPB-CPP/NPB-OMP/vtunes/lu.C.112/r000hs is a local directory
66 [139930194126272] INFO perfrun.sdk <> - the directory /home/sdp/yosef/NPB-CPP/NPB-OMP/vtunes/lu.C.112/r000hs is a local directory with FS type ID 61267
66 [139930194126272] INFO perfrun.launcher <> - create data directory = /home/sdp/yosef/NPB-CPP/NPB-OMP/vtunes/lu.C.112/r000hs/data.0
66 [139930194126272] INFO perfrun.launcher <> - Creating the master collection flag
67 [139930194126272] INFO perfrun.launcher <> - Done creating the master collection flag
98 [139930042885696] INFO perfrun.launcher <> - plugin [remoteplug] was disabled because it doesn't support the given collection type.
99 [139930042885696] INFO perfrun.sdk <> - Allocating TMU :/home/sdp/yosef/NPB-CPP/NPB-OMP/vtunes/lu.C.112/r000hs/data.0/systemcollector-1053428-gpunode.sc
99 [139930042885696] INFO perfrun.system <> - Tpss based collection
99 [139930042885696] INFO perfrun.launcher <> - plugin [ptracecollector] was disabled because it doesn't support the given collection type.
99 [139930042885696] INFO perfrun.launcher <> - plugin [gpu] was disabled because it doesn't support the given collection type.
99 [139930042885696] INFO perfrun.launcher <> - plugin [] was disabled because it doesn't support the given collection type.
99 [139930042885696] INFO perfrun.launcher <> - plugin [] was disabled because it doesn't support the given collection type.
99 [139930042885696] INFO perfrun.launcher <> - plugin [] was disabled because it doesn't support the given collection type.
99 [139930042885696] INFO perfrun.mrte <> - system-wide mode is 0
99 [139930042885696] INFO perfrun.mrte <> - Getting  mrte profiling environment ...
104 [139930042885696] INFO perfrun.mrte <> - INTEL_MRTE_DATA_DIR=/home/sdp/yosef/NPB-CPP/NPB-OMP/vtunes/lu.C.112/r000hs/data.0
104 [139930042885696] INFO perfrun.mrte <> - INTEL_MRTE_HOST_NAME=gpunode
104 [139930042885696] INFO perfrun.mrte <> - JAVA_TOOL_OPTIONS=-agentlib:amplxe_tpssmrte_javaprof_1.0 -Dsun.boot.library.path=/home/sdp/intel/oneapi/vtune/2024.0/lib32/runtime:/home/sdp/intel/oneapi/vtune/2024.0/lib64/runtime
104 [139930042885696] INFO perfrun.mrte <> - LD_LIBRARY_PATH=/home/sdp/intel/oneapi/vtune/2024.0/lib32/runtime:/home/sdp/intel/oneapi/vtune/2024.0/lib64/runtime:/home/sdp/intel/oneapi/tbb/2021.11/env/../lib/intel64/gcc4.8:/home/sdp/intel/oneapi/mpi/2021.11/opt/mpi/libfabric/lib:/home/sdp/intel/oneapi/mpi/2021.11/lib:/home/sdp/intel/oneapi/mkl/2024.0/lib:/home/sdp/intel/oneapi/ippcp/2021.9/lib/:/home/sdp/intel/oneapi/ipp/2021.10/lib:/home/sdp/intel/oneapi/dpl/2022.3/lib:/home/sdp/intel/oneapi/dnnl/2024.0/lib:/home/sdp/intel/oneapi/debugger/2024.0/opt/debugger/lib:/home/sdp/intel/oneapi/dal/2024.0/lib:/home/sdp/intel/oneapi/compiler/2024.0/opt/oclfpga/host/linux64/lib:/home/sdp/intel/oneapi/compiler/2024.0/opt/compiler/lib:/home/sdp/intel/oneapi/compiler/2024.0/lib:/home/sdp/intel/oneapi/ccl/2021.11/lib/
104 [139930042885696] INFO perfrun.mrte <> - CORECLR_ENABLE_PROFILING=1
104 [139930042885696] INFO perfrun.mrte <> - CORECLR_PROFILER={AA5E4821-E3B1-479c-B7FF-5AD047D22CED}
104 [139930042885696] INFO perfrun.mrte <> - CORECLR_PROFILER_PATH=/home/sdp/intel/oneapi/vtune/2024.0/lib64/libamplxe_samplingmrte_clrprof_1.0.so
104 [139930042885696] INFO perfrun.mrte <> - INTEL_MRTE_PROFILER_MODE=mixed
104 [139930042885696] INFO perfrun.mrte <> - Data directory: /home/sdp/yosef/NPB-CPP/NPB-OMP/vtunes/lu.C.112/r000hs/data.0
104 [139930042885696] INFO perfrun.mrte <> - Mrte plugin is initialized
104 [139930042885696] INFO perfrun.launcher <> - plugin [emon] was disabled because it doesn't support the given collection type.
104 [139930042885696] INFO perfrun.launcher <> - plugin [cuscol] was disabled because it doesn't support the given collection type.
104 [139930042885696] INFO perfrun.launcher <> - plugin [stdsrc] was disabled because it doesn't support the given collection type.
104 [139930042885696] INFO perfrun.launcher <> - plugin [sep] was disabled because it doesn't support the given collection type.
104 [139930042885696] INFO perfrun.launcher <> - plugin [vtsspp] was disabled because it doesn't support the given collection type.
104 [139930042885696] INFO perfrun.launcher <> - plugin [perf] was disabled because it doesn't support the given collection type.
104 [139930042885696] INFO perfrun.launcher <> - plugin [aoclprofile] was disabled because it doesn't support the given collection type.
104 [139930042885696] INFO perfrun.tpss <> - initialize tpss controller
104 [139930042885696] INFO perfrun.tpss <> - configure collection mode: value = cpu:counters:nostack
104 [139930042885696] INFO perfrun.tpss <> - configure collection mode: value = cpu:stack
104 [139930042885696] INFO perfrun.tpss <> - default obj-size-min=1024
104 [139930042885696] INFO perfrun.tpss <> - default hash-table-size=0
104 [139930042885696] INFO perfrun.launcher <> - plugin [media] was disabled because it doesn't support the given collection type.
104 [139930042885696] INFO perfrun.launcher <> - plugin [] was disabled because it doesn't support the given collection type.
104 [139930042885696] INFO perfrun.launcher <> - plugin [] was disabled because it doesn't support the given collection type.
104 [139930042885696] INFO perfrun.launcher <> - plugin [parallelfs] was disabled because it doesn't support the given collection type.
104 [139930042885696] INFO perfrun.launcher <> - plugin [power] was disabled because it doesn't support the given collection type.
104 [139930042885696] INFO perfrun.launcher <> - plugin [] was disabled because it doesn't support the given collection type.
104 [139930042885696] INFO perfrun.launcher <> - plugin [ipmwatch] was disabled because it doesn't support the given collection type.
104 [139930042885696] INFO perfrun.launcher <> - plugin [os_counters] was disabled because it doesn't support the given collection type.
104 [139930042885696] INFO perfrun.launcher <> - plugin [l0_metrics] was disabled because it doesn't support the given collection type.
104 [139930194126272] INFO perfrun.launcher <> - set environment variable: LD_LIBRARY_PATH = /home/sdp/intel/oneapi/vtune/2024.0/lib32/runtime:/home/sdp/intel/oneapi/vtune/2024.0/lib64/runtime:/home/sdp/intel/oneapi/tbb/2021.11/env/../lib/intel64/gcc4.8:/home/sdp/intel/oneapi/mpi/2021.11/opt/mpi/libfabric/lib:/home/sdp/intel/oneapi/mpi/2021.11/lib:/home/sdp/intel/oneapi/mkl/2024.0/lib:/home/sdp/intel/oneapi/ippcp/2021.9/lib/:/home/sdp/intel/oneapi/ipp/2021.10/lib:/home/sdp/intel/oneapi/dpl/2022.3/lib:/home/sdp/intel/oneapi/dnnl/2024.0/lib:/home/sdp/intel/oneapi/debugger/2024.0/opt/debugger/lib:/home/sdp/intel/oneapi/dal/2024.0/lib:/home/sdp/intel/oneapi/compiler/2024.0/opt/oclfpga/host/linux64/lib:/home/sdp/intel/oneapi/compiler/2024.0/opt/compiler/lib:/home/sdp/intel/oneapi/compiler/2024.0/lib:/home/sdp/intel/oneapi/ccl/2021.11/lib/
104 [139930194126272] INFO perfrun.launcher <> - set environment variable: INTEL_LIBITTNOTIFY32 = /home/sdp/intel/oneapi/vtune/2024.0/lib32/runtime/libittnotify_collector.so
104 [139930194126272] INFO perfrun.launcher <> - set environment variable: INTEL_LIBITTNOTIFY64 = /home/sdp/intel/oneapi/vtune/2024.0/lib64/runtime/libittnotify_collector.so
104 [139930194126272] INFO perfrun.launcher <> - set environment variable: INTEL_ITTNOTIFY_GROUPS = 
104 [139930194126272] INFO perfrun.launcher <> - set environment variable: INTEL_JIT_PROFILER32 = /home/sdp/intel/oneapi/vtune/2024.0/lib32/runtime/libittnotify_collector.so
104 [139930194126272] INFO perfrun.launcher <> - set environment variable: INTEL_JIT_PROFILER64 = /home/sdp/intel/oneapi/vtune/2024.0/lib64/runtime/libittnotify_collector.so
104 [139930194126272] INFO perfrun.launcher <> - set environment variable: ENABLE_JITPROFILING = 1
104 [139930194126272] INFO perfrun.launcher <> - set environment variable: CL_CONFIG_USE_VTUNE = True
104 [139930194126272] INFO perfrun.launcher <> - set environment variable: KMP_FORKJOIN_FRAMES = 0
104 [139930194126272] INFO perfrun.launcher <> - set environment variable: KMP_FORKJOIN_FRAMES_MODE = 0
104 [139930194126272] INFO perfrun.launcher <> - set environment variable: INTEL_MRTE_DATA_DIR = /home/sdp/yosef/NPB-CPP/NPB-OMP/vtunes/lu.C.112/r000hs/data.0
104 [139930194126272] INFO perfrun.launcher <> - set environment variable: INTEL_MRTE_HOST_NAME = gpunode
104 [139930194126272] INFO perfrun.launcher <> - set environment variable: JAVA_TOOL_OPTIONS = -agentlib:amplxe_tpssmrte_javaprof_1.0 -Dsun.boot.library.path=/home/sdp/intel/oneapi/vtune/2024.0/lib32/runtime:/home/sdp/intel/oneapi/vtune/2024.0/lib64/runtime
104 [139930194126272] INFO perfrun.launcher <> - set environment variable: LD_LIBRARY_PATH = /home/sdp/intel/oneapi/vtune/2024.0/lib32/runtime:/home/sdp/intel/oneapi/vtune/2024.0/lib64/runtime:/home/sdp/intel/oneapi/tbb/2021.11/env/../lib/intel64/gcc4.8:/home/sdp/intel/oneapi/mpi/2021.11/opt/mpi/libfabric/lib:/home/sdp/intel/oneapi/mpi/2021.11/lib:/home/sdp/intel/oneapi/mkl/2024.0/lib:/home/sdp/intel/oneapi/ippcp/2021.9/lib/:/home/sdp/intel/oneapi/ipp/2021.10/lib:/home/sdp/intel/oneapi/dpl/2022.3/lib:/home/sdp/intel/oneapi/dnnl/2024.0/lib:/home/sdp/intel/oneapi/debugger/2024.0/opt/debugger/lib:/home/sdp/intel/oneapi/dal/2024.0/lib:/home/sdp/intel/oneapi/compiler/2024.0/opt/oclfpga/host/linux64/lib:/home/sdp/intel/oneapi/compiler/2024.0/opt/compiler/lib:/home/sdp/intel/oneapi/compiler/2024.0/lib:/home/sdp/intel/oneapi/ccl/2021.11/lib/
104 [139930194126272] INFO perfrun.launcher <> - set environment variable: CORECLR_ENABLE_PROFILING = 1
104 [139930194126272] INFO perfrun.launcher <> - set environment variable: CORECLR_PROFILER = {AA5E4821-E3B1-479c-B7FF-5AD047D22CED}
104 [139930194126272] INFO perfrun.launcher <> - set environment variable: CORECLR_PROFILER_PATH = /home/sdp/intel/oneapi/vtune/2024.0/lib64/libamplxe_samplingmrte_clrprof_1.0.so
104 [139930194126272] INFO perfrun.launcher <> - set environment variable: INTEL_MRTE_PROFILER_MODE = mixed
104 [139930194126272] INFO perfrun.launcher <> - RpcServer: run RPC server to handle requests
104 [139930194126272] INFO perfrun.launcher <> - Launcher: command line to start before modification = ../../bin/lu.C -r ./vtunes/lu.C.112
105 [139930194126272] INFO perfrun.launcher <> - Launcher: command line to start after modification = /home/sdp/intel/oneapi/vtune/2024.0/bin64/pin -error_file /home/sdp/yosef/NPB-CPP/NPB-OMP/vtunes/lu.C.112/r000hs/data.0/pinerr.tpsslog -detach_reattach -follow_execv -tool_load_option deepbind -t64 /home/sdp/intel/oneapi/vtune/2024.0/lib64/libtpsstool.so -t /home/sdp/intel/oneapi/vtune/2024.0/lib32/libtpsstool.so -server_name tpss_ipc.1053428 -prd_dir /home/sdp/intel/oneapi/vtune/2024.0 -- ../../bin/lu.C -r ./vtunes/lu.C.112
105 [139930194126272] INFO perfrun.launcher <> - ProcessCreator object was created
105 [139930194126272] INFO perfrun.launcher <> - Launcher: the process was started in suspend mode
116 [139930042885696] WARN perfrun.system <> - Could not do anything with /sys/kernel/debug/kvm: boost::filesystem::status: Permission denied: "/sys/kernel/debug/kvm", at file: vcs/perfrun1/plugins/system/src/trace_writer.cpp:787
116 [139930042885696] WARN perfrun.system <> - Folder "/var/run/libvirt/qemu/"doesn't exist, at file: vcs/perfrun1/plugins/system/src/trace_writer.cpp:800
127 [139930042885696] INFO perfrun.sdk <> - runCmd: /home/sdp/intel/oneapi/vtune/2024.0/bin64/sep -platform-info
127 [139930042885696] INFO perfrun.sdk <> - runCmd started PID 1053441
132 [139930042885696] WARN perfrun.sdk <> - SEP driver is not available, at file: vcs/perfrun1/plugins/pluginsdk/src/device_mapper.cpp:920
132 [139930042885696] INFO perfrun.sdk <> - runCmd: /home/sdp/intel/oneapi/vtune/2024.0/bin64/amplxe-perf stat --iostat=list
132 [139930042885696] INFO perfrun.sdk <> - runCmd started PID 1053442
135 [139930042885696] WARN perfrun.sdk <> - Device mapping through perf is not available on current kernel, at file: vcs/perfrun1/plugins/pluginsdk/src/device_mapper.cpp:1120
136 [139930042885696] INFO perfrun.sdk <> - runCmd: /home/sdp/intel/oneapi/vtune/2024.0/bin64/sep -platform-info
136 [139930042885696] INFO perfrun.sdk <> - runCmd started PID 1053443
140 [139930042885696] WARN perfrun.sdk <> - SEP driver is not available, at file: vcs/perfrun1/plugins/pluginsdk/src/device_mapper.cpp:920
140 [139930042885696] INFO perfrun.sdk <> - runCmd: /home/sdp/intel/oneapi/vtune/2024.0/bin64/sep -platform-info
141 [139930042885696] INFO perfrun.sdk <> - runCmd started PID 1053444
145 [139930042885696] WARN perfrun.sdk <> - SEP driver is not available, at file: vcs/perfrun1/plugins/pluginsdk/src/device_mapper.cpp:920
145 [139930042885696] INFO perfrun.sdk <> - runCmd: /home/sdp/intel/oneapi/vtune/2024.0/bin64/amplxe-perf stat --iostat=list
145 [139930042885696] INFO perfrun.sdk <> - runCmd started PID 1053445
147 [139930042885696] WARN perfrun.sdk <> - Device mapping through perf is not available on current kernel, at file: vcs/perfrun1/plugins/pluginsdk/src/device_mapper.cpp:1120
147 [139930042885696] WARN perfrun.sdk <> - Failed to find xl binary on any of the system paths: /bin, /sbin, /usr/bin, /usr/sbin., at file: vcs/perfrun1/sdk/src/utils.cpp:204
147 [139930042885696] WARN perfrun.system <> - Could not start ContainerMapping collector, at file: vcs/perfrun1/plugins/system/src/controller.cpp:448
266 [139930042885696] INFO perfrun.vdso <> - Helper runtool '/home/sdp/intel/oneapi/vtune/2024.0/bin32/amplxe-runss -dump-vdso -r /home/sdp/yosef/NPB-CPP/NPB-OMP/vtunes/lu.C.112/r000hs --tmp-dir /tmp/amplxe-tmp-sdp' returned 0
336 [139930042885696] INFO perfrun.vdso <> - Helper runtool '/home/sdp/intel/oneapi/vtune/2024.0/bin64/amplxe-runss -dump-vdso -r /home/sdp/yosef/NPB-CPP/NPB-OMP/vtunes/lu.C.112/r000hs --tmp-dir /tmp/amplxe-tmp-sdp' returned 0
336 [139930042885696] INFO perfrun.itt <> - start itt controller for pid #1053440
336 [139930042885696] INFO perfrun.tpss <> - start tpss controller for pid #1053440
387 [139930194126272] INFO perfrun.launcher <> - Launcher: all plugins were started
387 [139930194126272] INFO perfrun.launcher <> - DirectoryMonitor object was created
387 [139930194126272] INFO perfrun.launcher <> - DirectoryMonitor: a callback was added
387 [139930194126272] INFO perfrun.launcher <> - DirectoryMonitor was started with pingTime = 1000
387 [139930194126272] INFO perfrun.launcher <> - DeadlineTimer is going to be constructed
387 [139930194126272] INFO perfrun.launcher <> - DeadlineTimer: a callback was added
388 [139930194126272] INFO perfrun.launcher <> - Launcher: resume the profiled application and  wait its termination or stop command
13115 [139930194126272] INFO perfrun.launcher <> - Launcher: the profiled application was terminated  with exit code = 0
13127 [139930042885696] INFO perfrun.itt <> - detach itt controller
13127 [139930042885696] INFO perfrun.itt <> - detach itt controller done
13127 [139930042885696] INFO perfrun.tpss <> - stop tpss controller
13127 [139930042885696] INFO perfrun.sdk <> - De-allocating TMU: /home/sdp/yosef/NPB-CPP/NPB-OMP/vtunes/lu.C.112/r000hs/data.0/systemcollector-1053428-gpunode.sc
13127 [139930042885696] INFO perfrun.system <> - closed the system trace file: /home/sdp/yosef/NPB-CPP/NPB-OMP/vtunes/lu.C.112/r000hs/data.0/systemcollector-1053428-gpunode.sc
13127 [139930194126272] INFO perfrun.launcher <> - Launcher: all plugins were stopped.
13127 [139930194126272] INFO perfrun.launcher <> - DeadlineTimer is going to be destroyed
13127 [139930194126272] INFO perfrun.launcher <> - DeadlineTimer was destroyed
13127 [139930194126272] INFO perfrun.launcher <> - DirectoryMonitor object was destroyed
13127 [139930194126272] WARN perfrun.launcher <> - Stop command is ignored because it is received when collection is already stopped, at file: vcs/perfrun1/launcher/src/command_handler.cpp:226
13128 [139930194126272] INFO perfrun.launcher <> - Application exit code: 0
13128 [139930194126272] INFO perfrun.launcher <> - Exit code: 0
