7 [4129914432] INFO perfrun.launcher <> - Launcher main begin
7 [4129914432] INFO perfrun.launcher <> - MessageCatalogInit finished
7 [4129914432] INFO perfrun.launcher <> - Launcher instance created
7 [4129914432] INFO perfrun.launcher <> - argc = 6; cmdline = /home/sdp/intel/oneapi/vtune/2024.0/bin32/amplxe-runss -dump-vdso -r /home/sdp/yosef/NPB-CPP/NPB-OMP/vtunes/ft.A.4/r000hs --tmp-dir /tmp/amplxe-tmp-sdp 
50 [4129914432] INFO perfrun.launcher <> - create msngr2::ICliToolContext
50 [4129914432] INFO perfrun.launcher <> - create file finder object
88 [4129372864] INFO perfrun.launcher <> - plugin [remoteplug] was disabled because it doesn't support the given collection type.
88 [4129372864] INFO perfrun.launcher <> - plugin [] was disabled because it doesn't support the given collection type.
88 [4129372864] INFO perfrun.vdso <> - dumping [vdso] pseudomodule
89 [4129372864] INFO perfrun.launcher <> - plugin [] was disabled because it doesn't support the given collection type.
89 [4129372864] INFO perfrun.launcher <> - plugin [] was disabled because it doesn't support the given collection type.
89 [4129372864] INFO perfrun.launcher <> - plugin [] was disabled because it doesn't support the given collection type.
89 [4129372864] INFO perfrun.launcher <> - plugin [] was disabled because it doesn't support the given collection type.
89 [4129372864] INFO perfrun.launcher <> - plugin [] was disabled because it doesn't support the given collection type.
89 [4129372864] INFO perfrun.launcher <> - plugin [] was disabled because it doesn't support the given collection type.
89 [4129372864] INFO perfrun.launcher <> - plugin [] was disabled because it doesn't support the given collection type.
89 [4129372864] INFO perfrun.launcher <> - plugin [] was disabled because it doesn't support the given collection type.
89 [4129372864] INFO perfrun.launcher <> - plugin [] was disabled because it doesn't support the given collection type.
89 [4129372864] INFO perfrun.launcher <> - plugin [] was disabled because it doesn't support the given collection type.
89 [4129372864] INFO perfrun.launcher <> - plugin [] was disabled because it doesn't support the given collection type.
89 [4129372864] INFO perfrun.launcher <> - plugin [] was disabled because it doesn't support the given collection type.
89 [4129372864] INFO perfrun.launcher <> - plugin [] was disabled because it doesn't support the given collection type.
89 [4129372864] INFO perfrun.launcher <> - plugin [] was disabled because it doesn't support the given collection type.
89 [4129372864] INFO perfrun.launcher <> - plugin [] was disabled because it doesn't support the given collection type.
89 [4129372864] INFO perfrun.launcher <> - plugin [] was disabled because it doesn't support the given collection type.
89 [4129372864] INFO perfrun.launcher <> - plugin [] was disabled because it doesn't support the given collection type.
89 [4129372864] INFO perfrun.launcher <> - plugin [] was disabled because it doesn't support the given collection type.
89 [4129372864] INFO perfrun.launcher <> - plugin [] was disabled because it doesn't support the given collection type.
89 [4129372864] INFO perfrun.launcher <> - plugin [] was disabled because it doesn't support the given collection type.
89 [4129372864] INFO perfrun.launcher <> - plugin [] was disabled because it doesn't support the given collection type.
89 [4129372864] INFO perfrun.launcher <> - plugin [] was disabled because it doesn't support the given collection type.
89 [4129372864] INFO perfrun.launcher <> - plugin [] was disabled because it doesn't support the given collection type.
89 [4129372864] INFO perfrun.launcher <> - plugin [] was disabled because it doesn't support the given collection type.
89 [4129914432] INFO perfrun.launcher <> - Application exit code: 0
89 [4129914432] INFO perfrun.launcher <> - Exit code: 0
