7 [4130004544] INFO perfrun.launcher <> - Launcher main begin
8 [4130004544] INFO perfrun.launcher <> - MessageCatalogInit finished
8 [4130004544] INFO perfrun.launcher <> - Launcher instance created
8 [4130004544] INFO perfrun.launcher <> - argc = 6; cmdline = /home/sdp/intel/oneapi/vtune/2024.0/bin32/amplxe-runss -dump-vdso -r /home/sdp/yosef/NPB-CPP/NPB-OMP/vtunes/lu.B.2/r000hs --tmp-dir /tmp/amplxe-tmp-sdp 
51 [4130004544] INFO perfrun.launcher <> - create msngr2::ICliToolContext
51 [4130004544] INFO perfrun.launcher <> - create file finder object
109 [4129462976] INFO perfrun.launcher <> - plugin [remoteplug] was disabled because it doesn't support the given collection type.
109 [4129462976] INFO perfrun.launcher <> - plugin [] was disabled because it doesn't support the given collection type.
109 [4129462976] INFO perfrun.vdso <> - dumping [vdso] pseudomodule
110 [4129462976] INFO perfrun.launcher <> - plugin [] was disabled because it doesn't support the given collection type.
110 [4129462976] INFO perfrun.launcher <> - plugin [] was disabled because it doesn't support the given collection type.
110 [4129462976] INFO perfrun.launcher <> - plugin [] was disabled because it doesn't support the given collection type.
110 [4129462976] INFO perfrun.launcher <> - plugin [] was disabled because it doesn't support the given collection type.
110 [4129462976] INFO perfrun.launcher <> - plugin [] was disabled because it doesn't support the given collection type.
110 [4129462976] INFO perfrun.launcher <> - plugin [] was disabled because it doesn't support the given collection type.
110 [4129462976] INFO perfrun.launcher <> - plugin [] was disabled because it doesn't support the given collection type.
110 [4129462976] INFO perfrun.launcher <> - plugin [] was disabled because it doesn't support the given collection type.
110 [4129462976] INFO perfrun.launcher <> - plugin [] was disabled because it doesn't support the given collection type.
110 [4129462976] INFO perfrun.launcher <> - plugin [] was disabled because it doesn't support the given collection type.
110 [4129462976] INFO perfrun.launcher <> - plugin [] was disabled because it doesn't support the given collection type.
110 [4129462976] INFO perfrun.launcher <> - plugin [] was disabled because it doesn't support the given collection type.
110 [4129462976] INFO perfrun.launcher <> - plugin [] was disabled because it doesn't support the given collection type.
110 [4129462976] INFO perfrun.launcher <> - plugin [] was disabled because it doesn't support the given collection type.
110 [4129462976] INFO perfrun.launcher <> - plugin [] was disabled because it doesn't support the given collection type.
110 [4129462976] INFO perfrun.launcher <> - plugin [] was disabled because it doesn't support the given collection type.
110 [4129462976] INFO perfrun.launcher <> - plugin [] was disabled because it doesn't support the given collection type.
110 [4129462976] INFO perfrun.launcher <> - plugin [] was disabled because it doesn't support the given collection type.
110 [4129462976] INFO perfrun.launcher <> - plugin [] was disabled because it doesn't support the given collection type.
110 [4129462976] INFO perfrun.launcher <> - plugin [] was disabled because it doesn't support the given collection type.
110 [4129462976] INFO perfrun.launcher <> - plugin [] was disabled because it doesn't support the given collection type.
110 [4129462976] INFO perfrun.launcher <> - plugin [] was disabled because it doesn't support the given collection type.
110 [4129462976] INFO perfrun.launcher <> - plugin [] was disabled because it doesn't support the given collection type.
110 [4129462976] INFO perfrun.launcher <> - plugin [] was disabled because it doesn't support the given collection type.
110 [4130004544] INFO perfrun.launcher <> - Application exit code: 0
110 [4130004544] INFO perfrun.launcher <> - Exit code: 0
