6 [140346738771392] INFO perfrun.launcher <> - Launcher main begin
6 [140346738771392] INFO perfrun.launcher <> - MessageCatalogInit finished
6 [140346738771392] INFO perfrun.launcher <> - Launcher instance created
6 [140346738771392] INFO perfrun.launcher <> - argc = 7; cmdline = /home/sdp/intel/oneapi/vtune/2024.0/bin64/amplxe-runss --ui-output-format xml --ui-output-fd 5 --option-file /home/sdp/yosef/NPB-CPP/NPB-OMP/vtunes/ep.C.224/r000hs/config/runss.options 
47 [140346738771392] INFO perfrun.launcher <> - create msngr2::ICliToolContext
48 [140346738771392] INFO perfrun.launcher <> - create file finder object
48 [140346738771392] INFO perfrun.launcher <> - create a result directory: pattern = /home/sdp/yosef/NPB-CPP/NPB-OMP/vtunes/ep.C.224/r000hs pid = 4294967295
70 [140346738771392] INFO perfrun.sdk <> - checked that the directory /home/sdp/yosef/NPB-CPP/NPB-OMP/vtunes/ep.C.224/r000hs is a local directory
70 [140346738771392] INFO perfrun.sdk <> - the directory /home/sdp/yosef/NPB-CPP/NPB-OMP/vtunes/ep.C.224/r000hs is a local directory with FS type ID 61267
70 [140346738771392] INFO perfrun.launcher <> - create data directory = /home/sdp/yosef/NPB-CPP/NPB-OMP/vtunes/ep.C.224/r000hs/data.0
70 [140346738771392] INFO perfrun.launcher <> - Creating the master collection flag
71 [140346738771392] INFO perfrun.launcher <> - Done creating the master collection flag
81 [140346587604544] INFO perfrun.launcher <> - plugin [remoteplug] was disabled because it doesn't support the given collection type.
82 [140346587604544] INFO perfrun.sdk <> - Allocating TMU :/home/sdp/yosef/NPB-CPP/NPB-OMP/vtunes/ep.C.224/r000hs/data.0/systemcollector-1066185-gpunode.sc
82 [140346587604544] INFO perfrun.system <> - Tpss based collection
83 [140346587604544] INFO perfrun.launcher <> - plugin [ptracecollector] was disabled because it doesn't support the given collection type.
83 [140346587604544] INFO perfrun.launcher <> - plugin [gpu] was disabled because it doesn't support the given collection type.
83 [140346587604544] INFO perfrun.launcher <> - plugin [] was disabled because it doesn't support the given collection type.
83 [140346587604544] INFO perfrun.launcher <> - plugin [] was disabled because it doesn't support the given collection type.
83 [140346587604544] INFO perfrun.launcher <> - plugin [] was disabled because it doesn't support the given collection type.
83 [140346587604544] INFO perfrun.mrte <> - system-wide mode is 0
83 [140346587604544] INFO perfrun.mrte <> - Getting  mrte profiling environment ...
87 [140346587604544] INFO perfrun.mrte <> - INTEL_MRTE_DATA_DIR=/home/sdp/yosef/NPB-CPP/NPB-OMP/vtunes/ep.C.224/r000hs/data.0
87 [140346587604544] INFO perfrun.mrte <> - INTEL_MRTE_HOST_NAME=gpunode
87 [140346587604544] INFO perfrun.mrte <> - JAVA_TOOL_OPTIONS=-agentlib:amplxe_tpssmrte_javaprof_1.0 -Dsun.boot.library.path=/home/sdp/intel/oneapi/vtune/2024.0/lib32/runtime:/home/sdp/intel/oneapi/vtune/2024.0/lib64/runtime
87 [140346587604544] INFO perfrun.mrte <> - LD_LIBRARY_PATH=/home/sdp/intel/oneapi/vtune/2024.0/lib32/runtime:/home/sdp/intel/oneapi/vtune/2024.0/lib64/runtime:/home/sdp/intel/oneapi/tbb/2021.11/env/../lib/intel64/gcc4.8:/home/sdp/intel/oneapi/mpi/2021.11/opt/mpi/libfabric/lib:/home/sdp/intel/oneapi/mpi/2021.11/lib:/home/sdp/intel/oneapi/mkl/2024.0/lib:/home/sdp/intel/oneapi/ippcp/2021.9/lib/:/home/sdp/intel/oneapi/ipp/2021.10/lib:/home/sdp/intel/oneapi/dpl/2022.3/lib:/home/sdp/intel/oneapi/dnnl/2024.0/lib:/home/sdp/intel/oneapi/debugger/2024.0/opt/debugger/lib:/home/sdp/intel/oneapi/dal/2024.0/lib:/home/sdp/intel/oneapi/compiler/2024.0/opt/oclfpga/host/linux64/lib:/home/sdp/intel/oneapi/compiler/2024.0/opt/compiler/lib:/home/sdp/intel/oneapi/compiler/2024.0/lib:/home/sdp/intel/oneapi/ccl/2021.11/lib/
87 [140346587604544] INFO perfrun.mrte <> - CORECLR_ENABLE_PROFILING=1
87 [140346587604544] INFO perfrun.mrte <> - CORECLR_PROFILER={AA5E4821-E3B1-479c-B7FF-5AD047D22CED}
87 [140346587604544] INFO perfrun.mrte <> - CORECLR_PROFILER_PATH=/home/sdp/intel/oneapi/vtune/2024.0/lib64/libamplxe_samplingmrte_clrprof_1.0.so
87 [140346587604544] INFO perfrun.mrte <> - INTEL_MRTE_PROFILER_MODE=mixed
87 [140346587604544] INFO perfrun.mrte <> - Data directory: /home/sdp/yosef/NPB-CPP/NPB-OMP/vtunes/ep.C.224/r000hs/data.0
87 [140346587604544] INFO perfrun.mrte <> - Mrte plugin is initialized
87 [140346587604544] INFO perfrun.launcher <> - plugin [emon] was disabled because it doesn't support the given collection type.
87 [140346587604544] INFO perfrun.launcher <> - plugin [cuscol] was disabled because it doesn't support the given collection type.
87 [140346587604544] INFO perfrun.launcher <> - plugin [stdsrc] was disabled because it doesn't support the given collection type.
87 [140346587604544] INFO perfrun.launcher <> - plugin [sep] was disabled because it doesn't support the given collection type.
87 [140346587604544] INFO perfrun.launcher <> - plugin [vtsspp] was disabled because it doesn't support the given collection type.
87 [140346587604544] INFO perfrun.launcher <> - plugin [perf] was disabled because it doesn't support the given collection type.
87 [140346587604544] INFO perfrun.launcher <> - plugin [aoclprofile] was disabled because it doesn't support the given collection type.
87 [140346587604544] INFO perfrun.tpss <> - initialize tpss controller
87 [140346587604544] INFO perfrun.tpss <> - configure collection mode: value = cpu:counters:nostack
87 [140346587604544] INFO perfrun.tpss <> - configure collection mode: value = cpu:stack
87 [140346587604544] INFO perfrun.tpss <> - default obj-size-min=1024
87 [140346587604544] INFO perfrun.tpss <> - default hash-table-size=0
87 [140346587604544] INFO perfrun.launcher <> - plugin [media] was disabled because it doesn't support the given collection type.
87 [140346587604544] INFO perfrun.launcher <> - plugin [] was disabled because it doesn't support the given collection type.
87 [140346587604544] INFO perfrun.launcher <> - plugin [] was disabled because it doesn't support the given collection type.
87 [140346587604544] INFO perfrun.launcher <> - plugin [parallelfs] was disabled because it doesn't support the given collection type.
87 [140346587604544] INFO perfrun.launcher <> - plugin [power] was disabled because it doesn't support the given collection type.
87 [140346587604544] INFO perfrun.launcher <> - plugin [] was disabled because it doesn't support the given collection type.
87 [140346587604544] INFO perfrun.launcher <> - plugin [ipmwatch] was disabled because it doesn't support the given collection type.
87 [140346587604544] INFO perfrun.launcher <> - plugin [os_counters] was disabled because it doesn't support the given collection type.
87 [140346587604544] INFO perfrun.launcher <> - plugin [l0_metrics] was disabled because it doesn't support the given collection type.
87 [140346738771392] INFO perfrun.launcher <> - set environment variable: LD_LIBRARY_PATH = /home/sdp/intel/oneapi/vtune/2024.0/lib32/runtime:/home/sdp/intel/oneapi/vtune/2024.0/lib64/runtime:/home/sdp/intel/oneapi/tbb/2021.11/env/../lib/intel64/gcc4.8:/home/sdp/intel/oneapi/mpi/2021.11/opt/mpi/libfabric/lib:/home/sdp/intel/oneapi/mpi/2021.11/lib:/home/sdp/intel/oneapi/mkl/2024.0/lib:/home/sdp/intel/oneapi/ippcp/2021.9/lib/:/home/sdp/intel/oneapi/ipp/2021.10/lib:/home/sdp/intel/oneapi/dpl/2022.3/lib:/home/sdp/intel/oneapi/dnnl/2024.0/lib:/home/sdp/intel/oneapi/debugger/2024.0/opt/debugger/lib:/home/sdp/intel/oneapi/dal/2024.0/lib:/home/sdp/intel/oneapi/compiler/2024.0/opt/oclfpga/host/linux64/lib:/home/sdp/intel/oneapi/compiler/2024.0/opt/compiler/lib:/home/sdp/intel/oneapi/compiler/2024.0/lib:/home/sdp/intel/oneapi/ccl/2021.11/lib/
87 [140346738771392] INFO perfrun.launcher <> - set environment variable: INTEL_LIBITTNOTIFY32 = /home/sdp/intel/oneapi/vtune/2024.0/lib32/runtime/libittnotify_collector.so
87 [140346738771392] INFO perfrun.launcher <> - set environment variable: INTEL_LIBITTNOTIFY64 = /home/sdp/intel/oneapi/vtune/2024.0/lib64/runtime/libittnotify_collector.so
87 [140346738771392] INFO perfrun.launcher <> - set environment variable: INTEL_ITTNOTIFY_GROUPS = 
87 [140346738771392] INFO perfrun.launcher <> - set environment variable: INTEL_JIT_PROFILER32 = /home/sdp/intel/oneapi/vtune/2024.0/lib32/runtime/libittnotify_collector.so
87 [140346738771392] INFO perfrun.launcher <> - set environment variable: INTEL_JIT_PROFILER64 = /home/sdp/intel/oneapi/vtune/2024.0/lib64/runtime/libittnotify_collector.so
87 [140346738771392] INFO perfrun.launcher <> - set environment variable: ENABLE_JITPROFILING = 1
87 [140346738771392] INFO perfrun.launcher <> - set environment variable: CL_CONFIG_USE_VTUNE = True
87 [140346738771392] INFO perfrun.launcher <> - set environment variable: KMP_FORKJOIN_FRAMES = 0
87 [140346738771392] INFO perfrun.launcher <> - set environment variable: KMP_FORKJOIN_FRAMES_MODE = 0
87 [140346738771392] INFO perfrun.launcher <> - set environment variable: INTEL_MRTE_DATA_DIR = /home/sdp/yosef/NPB-CPP/NPB-OMP/vtunes/ep.C.224/r000hs/data.0
87 [140346738771392] INFO perfrun.launcher <> - set environment variable: INTEL_MRTE_HOST_NAME = gpunode
87 [140346738771392] INFO perfrun.launcher <> - set environment variable: JAVA_TOOL_OPTIONS = -agentlib:amplxe_tpssmrte_javaprof_1.0 -Dsun.boot.library.path=/home/sdp/intel/oneapi/vtune/2024.0/lib32/runtime:/home/sdp/intel/oneapi/vtune/2024.0/lib64/runtime
87 [140346738771392] INFO perfrun.launcher <> - set environment variable: LD_LIBRARY_PATH = /home/sdp/intel/oneapi/vtune/2024.0/lib32/runtime:/home/sdp/intel/oneapi/vtune/2024.0/lib64/runtime:/home/sdp/intel/oneapi/tbb/2021.11/env/../lib/intel64/gcc4.8:/home/sdp/intel/oneapi/mpi/2021.11/opt/mpi/libfabric/lib:/home/sdp/intel/oneapi/mpi/2021.11/lib:/home/sdp/intel/oneapi/mkl/2024.0/lib:/home/sdp/intel/oneapi/ippcp/2021.9/lib/:/home/sdp/intel/oneapi/ipp/2021.10/lib:/home/sdp/intel/oneapi/dpl/2022.3/lib:/home/sdp/intel/oneapi/dnnl/2024.0/lib:/home/sdp/intel/oneapi/debugger/2024.0/opt/debugger/lib:/home/sdp/intel/oneapi/dal/2024.0/lib:/home/sdp/intel/oneapi/compiler/2024.0/opt/oclfpga/host/linux64/lib:/home/sdp/intel/oneapi/compiler/2024.0/opt/compiler/lib:/home/sdp/intel/oneapi/compiler/2024.0/lib:/home/sdp/intel/oneapi/ccl/2021.11/lib/
87 [140346738771392] INFO perfrun.launcher <> - set environment variable: CORECLR_ENABLE_PROFILING = 1
87 [140346738771392] INFO perfrun.launcher <> - set environment variable: CORECLR_PROFILER = {AA5E4821-E3B1-479c-B7FF-5AD047D22CED}
88 [140346738771392] INFO perfrun.launcher <> - set environment variable: CORECLR_PROFILER_PATH = /home/sdp/intel/oneapi/vtune/2024.0/lib64/libamplxe_samplingmrte_clrprof_1.0.so
88 [140346738771392] INFO perfrun.launcher <> - set environment variable: INTEL_MRTE_PROFILER_MODE = mixed
88 [140346738771392] INFO perfrun.launcher <> - RpcServer: run RPC server to handle requests
88 [140346738771392] INFO perfrun.launcher <> - Launcher: command line to start before modification = ../../bin/ep.C -r ./vtunes/ep.C.224
88 [140346738771392] INFO perfrun.launcher <> - Launcher: command line to start after modification = /home/sdp/intel/oneapi/vtune/2024.0/bin64/pin -error_file /home/sdp/yosef/NPB-CPP/NPB-OMP/vtunes/ep.C.224/r000hs/data.0/pinerr.tpsslog -detach_reattach -follow_execv -tool_load_option deepbind -t64 /home/sdp/intel/oneapi/vtune/2024.0/lib64/libtpsstool.so -t /home/sdp/intel/oneapi/vtune/2024.0/lib32/libtpsstool.so -server_name tpss_ipc.1066185 -prd_dir /home/sdp/intel/oneapi/vtune/2024.0 -- ../../bin/ep.C -r ./vtunes/ep.C.224
88 [140346738771392] INFO perfrun.launcher <> - ProcessCreator object was created
88 [140346738771392] INFO perfrun.launcher <> - Launcher: the process was started in suspend mode
122 [140346587604544] WARN perfrun.system <> - Could not do anything with /sys/kernel/debug/kvm: boost::filesystem::status: Permission denied: "/sys/kernel/debug/kvm", at file: vcs/perfrun1/plugins/system/src/trace_writer.cpp:787
122 [140346587604544] WARN perfrun.system <> - Folder "/var/run/libvirt/qemu/"doesn't exist, at file: vcs/perfrun1/plugins/system/src/trace_writer.cpp:800
133 [140346587604544] INFO perfrun.sdk <> - runCmd: /home/sdp/intel/oneapi/vtune/2024.0/bin64/sep -platform-info
134 [140346587604544] INFO perfrun.sdk <> - runCmd started PID 1066193
138 [140346587604544] WARN perfrun.sdk <> - SEP driver is not available, at file: vcs/perfrun1/plugins/pluginsdk/src/device_mapper.cpp:920
138 [140346587604544] INFO perfrun.sdk <> - runCmd: /home/sdp/intel/oneapi/vtune/2024.0/bin64/amplxe-perf stat --iostat=list
138 [140346587604544] INFO perfrun.sdk <> - runCmd started PID 1066194
141 [140346587604544] WARN perfrun.sdk <> - Device mapping through perf is not available on current kernel, at file: vcs/perfrun1/plugins/pluginsdk/src/device_mapper.cpp:1120
142 [140346587604544] INFO perfrun.sdk <> - runCmd: /home/sdp/intel/oneapi/vtune/2024.0/bin64/sep -platform-info
142 [140346587604544] INFO perfrun.sdk <> - runCmd started PID 1066195
146 [140346587604544] WARN perfrun.sdk <> - SEP driver is not available, at file: vcs/perfrun1/plugins/pluginsdk/src/device_mapper.cpp:920
146 [140346587604544] INFO perfrun.sdk <> - runCmd: /home/sdp/intel/oneapi/vtune/2024.0/bin64/sep -platform-info
147 [140346587604544] INFO perfrun.sdk <> - runCmd started PID 1066196
151 [140346587604544] WARN perfrun.sdk <> - SEP driver is not available, at file: vcs/perfrun1/plugins/pluginsdk/src/device_mapper.cpp:920
151 [140346587604544] INFO perfrun.sdk <> - runCmd: /home/sdp/intel/oneapi/vtune/2024.0/bin64/amplxe-perf stat --iostat=list
152 [140346587604544] INFO perfrun.sdk <> - runCmd started PID 1066197
153 [140346587604544] WARN perfrun.sdk <> - Device mapping through perf is not available on current kernel, at file: vcs/perfrun1/plugins/pluginsdk/src/device_mapper.cpp:1120
153 [140346587604544] WARN perfrun.sdk <> - Failed to find xl binary on any of the system paths: /bin, /sbin, /usr/bin, /usr/sbin., at file: vcs/perfrun1/sdk/src/utils.cpp:204
153 [140346587604544] WARN perfrun.system <> - Could not start ContainerMapping collector, at file: vcs/perfrun1/plugins/system/src/controller.cpp:448
295 [140346587604544] INFO perfrun.vdso <> - Helper runtool '/home/sdp/intel/oneapi/vtune/2024.0/bin32/amplxe-runss -dump-vdso -r /home/sdp/yosef/NPB-CPP/NPB-OMP/vtunes/ep.C.224/r000hs --tmp-dir /tmp/amplxe-tmp-sdp' returned 0
367 [140346587604544] INFO perfrun.vdso <> - Helper runtool '/home/sdp/intel/oneapi/vtune/2024.0/bin64/amplxe-runss -dump-vdso -r /home/sdp/yosef/NPB-CPP/NPB-OMP/vtunes/ep.C.224/r000hs --tmp-dir /tmp/amplxe-tmp-sdp' returned 0
367 [140346587604544] INFO perfrun.itt <> - start itt controller for pid #1066192
367 [140346587604544] INFO perfrun.tpss <> - start tpss controller for pid #1066192
417 [140346738771392] INFO perfrun.launcher <> - Launcher: all plugins were started
417 [140346738771392] INFO perfrun.launcher <> - DirectoryMonitor object was created
417 [140346738771392] INFO perfrun.launcher <> - DirectoryMonitor: a callback was added
417 [140346738771392] INFO perfrun.launcher <> - DirectoryMonitor was started with pingTime = 1000
417 [140346738771392] INFO perfrun.launcher <> - DeadlineTimer is going to be constructed
417 [140346738771392] INFO perfrun.launcher <> - DeadlineTimer: a callback was added
419 [140346738771392] INFO perfrun.launcher <> - Launcher: resume the profiled application and  wait its termination or stop command
687 [140346151388736] ERROR perfrun.launcher <> - Messenger::say: Assertion failed: thread_manager_impl:473: (blocked == tpss_tls_op_err_ok) : . Please contact the technical support. 
775 [140346738771392] INFO perfrun.launcher <> - Launcher: the profiled application was terminated  with exit code = 139
775 [140346587604544] WARN perfrun.launcher <> - can't send #0 signal to the process with pid #1066192 - , at file: vcs/perfrun1/launcher/src/signal_handler_lin.cpp:53
777 [140346587604544] WARN perfrun.launcher <> - can't send #0 signal to the process with pid #1066192 - , at file: vcs/perfrun1/launcher/src/signal_handler_lin.cpp:53
801 [140346587604544] INFO perfrun.itt <> - detach itt controller
801 [140346587604544] INFO perfrun.itt <> - detach itt controller done
801 [140346587604544] INFO perfrun.tpss <> - stop tpss controller
802 [140346587604544] INFO perfrun.sdk <> - De-allocating TMU: /home/sdp/yosef/NPB-CPP/NPB-OMP/vtunes/ep.C.224/r000hs/data.0/systemcollector-1066185-gpunode.sc
802 [140346587604544] INFO perfrun.system <> - closed the system trace file: /home/sdp/yosef/NPB-CPP/NPB-OMP/vtunes/ep.C.224/r000hs/data.0/systemcollector-1066185-gpunode.sc
802 [140346738771392] INFO perfrun.launcher <> - Launcher: all plugins were stopped.
802 [140346738771392] INFO perfrun.launcher <> - DeadlineTimer is going to be destroyed
802 [140346738771392] INFO perfrun.launcher <> - DeadlineTimer was destroyed
802 [140346738771392] INFO perfrun.launcher <> - DirectoryMonitor object was destroyed
802 [140346738771392] WARN perfrun.launcher <> - Stop command is ignored because it is received when collection is already stopped, at file: vcs/perfrun1/launcher/src/command_handler.cpp:226
803 [140346738771392] INFO perfrun.launcher <> - Application exit code: 139
803 [140346738771392] INFO perfrun.launcher <> - Exit code: 4
