6 [139895649777088] INFO perfrun.launcher <> - Launcher main begin
7 [139895649777088] INFO perfrun.launcher <> - MessageCatalogInit finished
7 [139895649777088] INFO perfrun.launcher <> - Launcher instance created
7 [139895649777088] INFO perfrun.launcher <> - argc = 7; cmdline = /home/sdp/intel/oneapi/vtune/2024.0/bin64/amplxe-runss --ui-output-format xml --ui-output-fd 5 --option-file /home/sdp/yosef/NPB-CPP/NPB-OMP/vtunes/mg.B.224/r000hs/config/runss.options 
45 [139895649777088] INFO perfrun.launcher <> - create msngr2::ICliToolContext
46 [139895649777088] INFO perfrun.launcher <> - create file finder object
46 [139895649777088] INFO perfrun.launcher <> - create a result directory: pattern = /home/sdp/yosef/NPB-CPP/NPB-OMP/vtunes/mg.B.224/r000hs pid = 4294967295
65 [139895649777088] INFO perfrun.sdk <> - checked that the directory /home/sdp/yosef/NPB-CPP/NPB-OMP/vtunes/mg.B.224/r000hs is a local directory
65 [139895649777088] INFO perfrun.sdk <> - the directory /home/sdp/yosef/NPB-CPP/NPB-OMP/vtunes/mg.B.224/r000hs is a local directory with FS type ID 61267
65 [139895649777088] INFO perfrun.launcher <> - create data directory = /home/sdp/yosef/NPB-CPP/NPB-OMP/vtunes/mg.B.224/r000hs/data.0
65 [139895649777088] INFO perfrun.launcher <> - Creating the master collection flag
66 [139895649777088] INFO perfrun.launcher <> - Done creating the master collection flag
94 [139895498597952] INFO perfrun.launcher <> - plugin [remoteplug] was disabled because it doesn't support the given collection type.
95 [139895498597952] INFO perfrun.sdk <> - Allocating TMU :/home/sdp/yosef/NPB-CPP/NPB-OMP/vtunes/mg.B.224/r000hs/data.0/systemcollector-991900-gpunode.sc
95 [139895498597952] INFO perfrun.system <> - Tpss based collection
95 [139895498597952] INFO perfrun.launcher <> - plugin [ptracecollector] was disabled because it doesn't support the given collection type.
95 [139895498597952] INFO perfrun.launcher <> - plugin [gpu] was disabled because it doesn't support the given collection type.
95 [139895498597952] INFO perfrun.launcher <> - plugin [] was disabled because it doesn't support the given collection type.
95 [139895498597952] INFO perfrun.launcher <> - plugin [] was disabled because it doesn't support the given collection type.
95 [139895498597952] INFO perfrun.launcher <> - plugin [] was disabled because it doesn't support the given collection type.
95 [139895498597952] INFO perfrun.mrte <> - system-wide mode is 0
95 [139895498597952] INFO perfrun.mrte <> - Getting  mrte profiling environment ...
99 [139895498597952] INFO perfrun.mrte <> - INTEL_MRTE_DATA_DIR=/home/sdp/yosef/NPB-CPP/NPB-OMP/vtunes/mg.B.224/r000hs/data.0
99 [139895498597952] INFO perfrun.mrte <> - INTEL_MRTE_HOST_NAME=gpunode
99 [139895498597952] INFO perfrun.mrte <> - JAVA_TOOL_OPTIONS=-agentlib:amplxe_tpssmrte_javaprof_1.0 -Dsun.boot.library.path=/home/sdp/intel/oneapi/vtune/2024.0/lib32/runtime:/home/sdp/intel/oneapi/vtune/2024.0/lib64/runtime
99 [139895498597952] INFO perfrun.mrte <> - LD_LIBRARY_PATH=/home/sdp/intel/oneapi/vtune/2024.0/lib32/runtime:/home/sdp/intel/oneapi/vtune/2024.0/lib64/runtime:/home/sdp/intel/oneapi/tbb/2021.11/env/../lib/intel64/gcc4.8:/home/sdp/intel/oneapi/mpi/2021.11/opt/mpi/libfabric/lib:/home/sdp/intel/oneapi/mpi/2021.11/lib:/home/sdp/intel/oneapi/mkl/2024.0/lib:/home/sdp/intel/oneapi/ippcp/2021.9/lib/:/home/sdp/intel/oneapi/ipp/2021.10/lib:/home/sdp/intel/oneapi/dpl/2022.3/lib:/home/sdp/intel/oneapi/dnnl/2024.0/lib:/home/sdp/intel/oneapi/debugger/2024.0/opt/debugger/lib:/home/sdp/intel/oneapi/dal/2024.0/lib:/home/sdp/intel/oneapi/compiler/2024.0/opt/oclfpga/host/linux64/lib:/home/sdp/intel/oneapi/compiler/2024.0/opt/compiler/lib:/home/sdp/intel/oneapi/compiler/2024.0/lib:/home/sdp/intel/oneapi/ccl/2021.11/lib/
99 [139895498597952] INFO perfrun.mrte <> - CORECLR_ENABLE_PROFILING=1
99 [139895498597952] INFO perfrun.mrte <> - CORECLR_PROFILER={AA5E4821-E3B1-479c-B7FF-5AD047D22CED}
99 [139895498597952] INFO perfrun.mrte <> - CORECLR_PROFILER_PATH=/home/sdp/intel/oneapi/vtune/2024.0/lib64/libamplxe_samplingmrte_clrprof_1.0.so
99 [139895498597952] INFO perfrun.mrte <> - INTEL_MRTE_PROFILER_MODE=mixed
99 [139895498597952] INFO perfrun.mrte <> - Data directory: /home/sdp/yosef/NPB-CPP/NPB-OMP/vtunes/mg.B.224/r000hs/data.0
99 [139895498597952] INFO perfrun.mrte <> - Mrte plugin is initialized
99 [139895498597952] INFO perfrun.launcher <> - plugin [emon] was disabled because it doesn't support the given collection type.
99 [139895498597952] INFO perfrun.launcher <> - plugin [cuscol] was disabled because it doesn't support the given collection type.
99 [139895498597952] INFO perfrun.launcher <> - plugin [stdsrc] was disabled because it doesn't support the given collection type.
99 [139895498597952] INFO perfrun.launcher <> - plugin [sep] was disabled because it doesn't support the given collection type.
99 [139895498597952] INFO perfrun.launcher <> - plugin [vtsspp] was disabled because it doesn't support the given collection type.
99 [139895498597952] INFO perfrun.launcher <> - plugin [perf] was disabled because it doesn't support the given collection type.
99 [139895498597952] INFO perfrun.launcher <> - plugin [aoclprofile] was disabled because it doesn't support the given collection type.
99 [139895498597952] INFO perfrun.tpss <> - initialize tpss controller
99 [139895498597952] INFO perfrun.tpss <> - configure collection mode: value = cpu:counters:nostack
99 [139895498597952] INFO perfrun.tpss <> - configure collection mode: value = cpu:stack
99 [139895498597952] INFO perfrun.tpss <> - default obj-size-min=1024
99 [139895498597952] INFO perfrun.tpss <> - default hash-table-size=0
99 [139895498597952] INFO perfrun.launcher <> - plugin [media] was disabled because it doesn't support the given collection type.
99 [139895498597952] INFO perfrun.launcher <> - plugin [] was disabled because it doesn't support the given collection type.
99 [139895498597952] INFO perfrun.launcher <> - plugin [] was disabled because it doesn't support the given collection type.
99 [139895498597952] INFO perfrun.launcher <> - plugin [parallelfs] was disabled because it doesn't support the given collection type.
99 [139895498597952] INFO perfrun.launcher <> - plugin [power] was disabled because it doesn't support the given collection type.
99 [139895498597952] INFO perfrun.launcher <> - plugin [] was disabled because it doesn't support the given collection type.
99 [139895498597952] INFO perfrun.launcher <> - plugin [ipmwatch] was disabled because it doesn't support the given collection type.
99 [139895498597952] INFO perfrun.launcher <> - plugin [os_counters] was disabled because it doesn't support the given collection type.
99 [139895498597952] INFO perfrun.launcher <> - plugin [l0_metrics] was disabled because it doesn't support the given collection type.
99 [139895649777088] INFO perfrun.launcher <> - set environment variable: LD_LIBRARY_PATH = /home/sdp/intel/oneapi/vtune/2024.0/lib32/runtime:/home/sdp/intel/oneapi/vtune/2024.0/lib64/runtime:/home/sdp/intel/oneapi/tbb/2021.11/env/../lib/intel64/gcc4.8:/home/sdp/intel/oneapi/mpi/2021.11/opt/mpi/libfabric/lib:/home/sdp/intel/oneapi/mpi/2021.11/lib:/home/sdp/intel/oneapi/mkl/2024.0/lib:/home/sdp/intel/oneapi/ippcp/2021.9/lib/:/home/sdp/intel/oneapi/ipp/2021.10/lib:/home/sdp/intel/oneapi/dpl/2022.3/lib:/home/sdp/intel/oneapi/dnnl/2024.0/lib:/home/sdp/intel/oneapi/debugger/2024.0/opt/debugger/lib:/home/sdp/intel/oneapi/dal/2024.0/lib:/home/sdp/intel/oneapi/compiler/2024.0/opt/oclfpga/host/linux64/lib:/home/sdp/intel/oneapi/compiler/2024.0/opt/compiler/lib:/home/sdp/intel/oneapi/compiler/2024.0/lib:/home/sdp/intel/oneapi/ccl/2021.11/lib/
100 [139895649777088] INFO perfrun.launcher <> - set environment variable: INTEL_LIBITTNOTIFY32 = /home/sdp/intel/oneapi/vtune/2024.0/lib32/runtime/libittnotify_collector.so
100 [139895649777088] INFO perfrun.launcher <> - set environment variable: INTEL_LIBITTNOTIFY64 = /home/sdp/intel/oneapi/vtune/2024.0/lib64/runtime/libittnotify_collector.so
100 [139895649777088] INFO perfrun.launcher <> - set environment variable: INTEL_ITTNOTIFY_GROUPS = 
100 [139895649777088] INFO perfrun.launcher <> - set environment variable: INTEL_JIT_PROFILER32 = /home/sdp/intel/oneapi/vtune/2024.0/lib32/runtime/libittnotify_collector.so
100 [139895649777088] INFO perfrun.launcher <> - set environment variable: INTEL_JIT_PROFILER64 = /home/sdp/intel/oneapi/vtune/2024.0/lib64/runtime/libittnotify_collector.so
100 [139895649777088] INFO perfrun.launcher <> - set environment variable: ENABLE_JITPROFILING = 1
100 [139895649777088] INFO perfrun.launcher <> - set environment variable: CL_CONFIG_USE_VTUNE = True
100 [139895649777088] INFO perfrun.launcher <> - set environment variable: KMP_FORKJOIN_FRAMES = 0
100 [139895649777088] INFO perfrun.launcher <> - set environment variable: KMP_FORKJOIN_FRAMES_MODE = 0
100 [139895649777088] INFO perfrun.launcher <> - set environment variable: INTEL_MRTE_DATA_DIR = /home/sdp/yosef/NPB-CPP/NPB-OMP/vtunes/mg.B.224/r000hs/data.0
100 [139895649777088] INFO perfrun.launcher <> - set environment variable: INTEL_MRTE_HOST_NAME = gpunode
100 [139895649777088] INFO perfrun.launcher <> - set environment variable: JAVA_TOOL_OPTIONS = -agentlib:amplxe_tpssmrte_javaprof_1.0 -Dsun.boot.library.path=/home/sdp/intel/oneapi/vtune/2024.0/lib32/runtime:/home/sdp/intel/oneapi/vtune/2024.0/lib64/runtime
100 [139895649777088] INFO perfrun.launcher <> - set environment variable: LD_LIBRARY_PATH = /home/sdp/intel/oneapi/vtune/2024.0/lib32/runtime:/home/sdp/intel/oneapi/vtune/2024.0/lib64/runtime:/home/sdp/intel/oneapi/tbb/2021.11/env/../lib/intel64/gcc4.8:/home/sdp/intel/oneapi/mpi/2021.11/opt/mpi/libfabric/lib:/home/sdp/intel/oneapi/mpi/2021.11/lib:/home/sdp/intel/oneapi/mkl/2024.0/lib:/home/sdp/intel/oneapi/ippcp/2021.9/lib/:/home/sdp/intel/oneapi/ipp/2021.10/lib:/home/sdp/intel/oneapi/dpl/2022.3/lib:/home/sdp/intel/oneapi/dnnl/2024.0/lib:/home/sdp/intel/oneapi/debugger/2024.0/opt/debugger/lib:/home/sdp/intel/oneapi/dal/2024.0/lib:/home/sdp/intel/oneapi/compiler/2024.0/opt/oclfpga/host/linux64/lib:/home/sdp/intel/oneapi/compiler/2024.0/opt/compiler/lib:/home/sdp/intel/oneapi/compiler/2024.0/lib:/home/sdp/intel/oneapi/ccl/2021.11/lib/
100 [139895649777088] INFO perfrun.launcher <> - set environment variable: CORECLR_ENABLE_PROFILING = 1
100 [139895649777088] INFO perfrun.launcher <> - set environment variable: CORECLR_PROFILER = {AA5E4821-E3B1-479c-B7FF-5AD047D22CED}
100 [139895649777088] INFO perfrun.launcher <> - set environment variable: CORECLR_PROFILER_PATH = /home/sdp/intel/oneapi/vtune/2024.0/lib64/libamplxe_samplingmrte_clrprof_1.0.so
100 [139895649777088] INFO perfrun.launcher <> - set environment variable: INTEL_MRTE_PROFILER_MODE = mixed
100 [139895649777088] INFO perfrun.launcher <> - RpcServer: run RPC server to handle requests
100 [139895649777088] INFO perfrun.launcher <> - Launcher: command line to start before modification = ../../bin/mg.B -r ./vtunes/mg.B.224
100 [139895649777088] INFO perfrun.launcher <> - Launcher: command line to start after modification = /home/sdp/intel/oneapi/vtune/2024.0/bin64/pin -error_file /home/sdp/yosef/NPB-CPP/NPB-OMP/vtunes/mg.B.224/r000hs/data.0/pinerr.tpsslog -detach_reattach -follow_execv -tool_load_option deepbind -t64 /home/sdp/intel/oneapi/vtune/2024.0/lib64/libtpsstool.so -t /home/sdp/intel/oneapi/vtune/2024.0/lib32/libtpsstool.so -server_name tpss_ipc.991900 -prd_dir /home/sdp/intel/oneapi/vtune/2024.0 -- ../../bin/mg.B -r ./vtunes/mg.B.224
100 [139895649777088] INFO perfrun.launcher <> - ProcessCreator object was created
101 [139895649777088] INFO perfrun.launcher <> - Launcher: the process was started in suspend mode
112 [139895498597952] WARN perfrun.system <> - Could not do anything with /sys/kernel/debug/kvm: boost::filesystem::status: Permission denied: "/sys/kernel/debug/kvm", at file: vcs/perfrun1/plugins/system/src/trace_writer.cpp:787
112 [139895498597952] WARN perfrun.system <> - Folder "/var/run/libvirt/qemu/"doesn't exist, at file: vcs/perfrun1/plugins/system/src/trace_writer.cpp:800
122 [139895498597952] INFO perfrun.sdk <> - runCmd: /home/sdp/intel/oneapi/vtune/2024.0/bin64/sep -platform-info
123 [139895498597952] INFO perfrun.sdk <> - runCmd started PID 991906
128 [139895498597952] WARN perfrun.sdk <> - SEP driver is not available, at file: vcs/perfrun1/plugins/pluginsdk/src/device_mapper.cpp:920
128 [139895498597952] INFO perfrun.sdk <> - runCmd: /home/sdp/intel/oneapi/vtune/2024.0/bin64/amplxe-perf stat --iostat=list
128 [139895498597952] INFO perfrun.sdk <> - runCmd started PID 991907
130 [139895498597952] WARN perfrun.sdk <> - Device mapping through perf is not available on current kernel, at file: vcs/perfrun1/plugins/pluginsdk/src/device_mapper.cpp:1120
131 [139895498597952] INFO perfrun.sdk <> - runCmd: /home/sdp/intel/oneapi/vtune/2024.0/bin64/sep -platform-info
132 [139895498597952] INFO perfrun.sdk <> - runCmd started PID 991908
136 [139895498597952] WARN perfrun.sdk <> - SEP driver is not available, at file: vcs/perfrun1/plugins/pluginsdk/src/device_mapper.cpp:920
136 [139895498597952] INFO perfrun.sdk <> - runCmd: /home/sdp/intel/oneapi/vtune/2024.0/bin64/sep -platform-info
137 [139895498597952] INFO perfrun.sdk <> - runCmd started PID 991909
141 [139895498597952] WARN perfrun.sdk <> - SEP driver is not available, at file: vcs/perfrun1/plugins/pluginsdk/src/device_mapper.cpp:920
141 [139895498597952] INFO perfrun.sdk <> - runCmd: /home/sdp/intel/oneapi/vtune/2024.0/bin64/amplxe-perf stat --iostat=list
141 [139895498597952] INFO perfrun.sdk <> - runCmd started PID 991910
143 [139895498597952] WARN perfrun.sdk <> - Device mapping through perf is not available on current kernel, at file: vcs/perfrun1/plugins/pluginsdk/src/device_mapper.cpp:1120
143 [139895498597952] WARN perfrun.sdk <> - Failed to find xl binary on any of the system paths: /bin, /sbin, /usr/bin, /usr/sbin., at file: vcs/perfrun1/sdk/src/utils.cpp:204
143 [139895498597952] WARN perfrun.system <> - Could not start ContainerMapping collector, at file: vcs/perfrun1/plugins/system/src/controller.cpp:448
263 [139895498597952] INFO perfrun.vdso <> - Helper runtool '/home/sdp/intel/oneapi/vtune/2024.0/bin32/amplxe-runss -dump-vdso -r /home/sdp/yosef/NPB-CPP/NPB-OMP/vtunes/mg.B.224/r000hs --tmp-dir /tmp/amplxe-tmp-sdp' returned 0
333 [139895498597952] INFO perfrun.vdso <> - Helper runtool '/home/sdp/intel/oneapi/vtune/2024.0/bin64/amplxe-runss -dump-vdso -r /home/sdp/yosef/NPB-CPP/NPB-OMP/vtunes/mg.B.224/r000hs --tmp-dir /tmp/amplxe-tmp-sdp' returned 0
333 [139895498597952] INFO perfrun.itt <> - start itt controller for pid #991905
333 [139895498597952] INFO perfrun.tpss <> - start tpss controller for pid #991905
383 [139895649777088] INFO perfrun.launcher <> - Launcher: all plugins were started
384 [139895649777088] INFO perfrun.launcher <> - DirectoryMonitor object was created
384 [139895649777088] INFO perfrun.launcher <> - DirectoryMonitor: a callback was added
384 [139895649777088] INFO perfrun.launcher <> - DirectoryMonitor was started with pingTime = 1000
384 [139895649777088] INFO perfrun.launcher <> - DeadlineTimer is going to be constructed
384 [139895649777088] INFO perfrun.launcher <> - DeadlineTimer: a callback was added
385 [139895649777088] INFO perfrun.launcher <> - Launcher: resume the profiled application and  wait its termination or stop command
11439 [139895649777088] INFO perfrun.launcher <> - Launcher: the profiled application was terminated  with exit code = 0
11464 [139895498597952] INFO perfrun.itt <> - detach itt controller
11464 [139895498597952] INFO perfrun.itt <> - detach itt controller done
11464 [139895498597952] INFO perfrun.tpss <> - stop tpss controller
11465 [139895498597952] INFO perfrun.sdk <> - De-allocating TMU: /home/sdp/yosef/NPB-CPP/NPB-OMP/vtunes/mg.B.224/r000hs/data.0/systemcollector-991900-gpunode.sc
11465 [139895498597952] INFO perfrun.system <> - closed the system trace file: /home/sdp/yosef/NPB-CPP/NPB-OMP/vtunes/mg.B.224/r000hs/data.0/systemcollector-991900-gpunode.sc
11465 [139895649777088] INFO perfrun.launcher <> - Launcher: all plugins were stopped.
11465 [139895649777088] INFO perfrun.launcher <> - DeadlineTimer is going to be destroyed
11465 [139895649777088] INFO perfrun.launcher <> - DeadlineTimer was destroyed
11465 [139895649777088] INFO perfrun.launcher <> - DirectoryMonitor object was destroyed
11465 [139895649777088] WARN perfrun.launcher <> - Stop command is ignored because it is received when collection is already stopped, at file: vcs/perfrun1/launcher/src/command_handler.cpp:226
11467 [139895649777088] INFO perfrun.launcher <> - Application exit code: 0
11467 [139895649777088] INFO perfrun.launcher <> - Exit code: 0
