7 [4130442816] INFO perfrun.launcher <> - Launcher main begin
7 [4130442816] INFO perfrun.launcher <> - MessageCatalogInit finished
7 [4130442816] INFO perfrun.launcher <> - Launcher instance created
7 [4130442816] INFO perfrun.launcher <> - argc = 6; cmdline = /home/sdp/intel/oneapi/vtune/2024.0/bin32/amplxe-runss -dump-vdso -r /home/sdp/yosef/NPB-CPP/NPB-OMP/vtunes/sp.B.224/r000hs --tmp-dir /tmp/amplxe-tmp-sdp 
67 [4130442816] INFO perfrun.launcher <> - create msngr2::ICliToolContext
67 [4130442816] INFO perfrun.launcher <> - create file finder object
105 [4129901248] INFO perfrun.launcher <> - plugin [remoteplug] was disabled because it doesn't support the given collection type.
105 [4129901248] INFO perfrun.launcher <> - plugin [] was disabled because it doesn't support the given collection type.
105 [4129901248] INFO perfrun.vdso <> - dumping [vdso] pseudomodule
106 [4129901248] INFO perfrun.launcher <> - plugin [] was disabled because it doesn't support the given collection type.
106 [4129901248] INFO perfrun.launcher <> - plugin [] was disabled because it doesn't support the given collection type.
106 [4129901248] INFO perfrun.launcher <> - plugin [] was disabled because it doesn't support the given collection type.
106 [4129901248] INFO perfrun.launcher <> - plugin [] was disabled because it doesn't support the given collection type.
106 [4129901248] INFO perfrun.launcher <> - plugin [] was disabled because it doesn't support the given collection type.
106 [4129901248] INFO perfrun.launcher <> - plugin [] was disabled because it doesn't support the given collection type.
106 [4129901248] INFO perfrun.launcher <> - plugin [] was disabled because it doesn't support the given collection type.
106 [4129901248] INFO perfrun.launcher <> - plugin [] was disabled because it doesn't support the given collection type.
106 [4129901248] INFO perfrun.launcher <> - plugin [] was disabled because it doesn't support the given collection type.
106 [4129901248] INFO perfrun.launcher <> - plugin [] was disabled because it doesn't support the given collection type.
106 [4129901248] INFO perfrun.launcher <> - plugin [] was disabled because it doesn't support the given collection type.
106 [4129901248] INFO perfrun.launcher <> - plugin [] was disabled because it doesn't support the given collection type.
106 [4129901248] INFO perfrun.launcher <> - plugin [] was disabled because it doesn't support the given collection type.
106 [4129901248] INFO perfrun.launcher <> - plugin [] was disabled because it doesn't support the given collection type.
106 [4129901248] INFO perfrun.launcher <> - plugin [] was disabled because it doesn't support the given collection type.
106 [4129901248] INFO perfrun.launcher <> - plugin [] was disabled because it doesn't support the given collection type.
106 [4129901248] INFO perfrun.launcher <> - plugin [] was disabled because it doesn't support the given collection type.
106 [4129901248] INFO perfrun.launcher <> - plugin [] was disabled because it doesn't support the given collection type.
106 [4129901248] INFO perfrun.launcher <> - plugin [] was disabled because it doesn't support the given collection type.
106 [4129901248] INFO perfrun.launcher <> - plugin [] was disabled because it doesn't support the given collection type.
106 [4129901248] INFO perfrun.launcher <> - plugin [] was disabled because it doesn't support the given collection type.
106 [4129901248] INFO perfrun.launcher <> - plugin [] was disabled because it doesn't support the given collection type.
106 [4129901248] INFO perfrun.launcher <> - plugin [] was disabled because it doesn't support the given collection type.
106 [4129901248] INFO perfrun.launcher <> - plugin [] was disabled because it doesn't support the given collection type.
106 [4130442816] INFO perfrun.launcher <> - Application exit code: 0
106 [4130442816] INFO perfrun.launcher <> - Exit code: 0
