7 [4129947200] INFO perfrun.launcher <> - Launcher main begin
8 [4129947200] INFO perfrun.launcher <> - MessageCatalogInit finished
8 [4129947200] INFO perfrun.launcher <> - Launcher instance created
8 [4129947200] INFO perfrun.launcher <> - argc = 6; cmdline = /home/sdp/intel/oneapi/vtune/2024.0/bin32/amplxe-runss -dump-vdso -r /home/sdp/yosef/NPB-CPP/NPB-OMP/vtunes/bt.C.4/r000hs --tmp-dir /tmp/amplxe-tmp-sdp 
50 [4129947200] INFO perfrun.launcher <> - create msngr2::ICliToolContext
50 [4129947200] INFO perfrun.launcher <> - create file finder object
108 [4129405632] INFO perfrun.launcher <> - plugin [remoteplug] was disabled because it doesn't support the given collection type.
108 [4129405632] INFO perfrun.launcher <> - plugin [] was disabled because it doesn't support the given collection type.
108 [4129405632] INFO perfrun.vdso <> - dumping [vdso] pseudomodule
108 [4129405632] INFO perfrun.launcher <> - plugin [] was disabled because it doesn't support the given collection type.
108 [4129405632] INFO perfrun.launcher <> - plugin [] was disabled because it doesn't support the given collection type.
109 [4129405632] INFO perfrun.launcher <> - plugin [] was disabled because it doesn't support the given collection type.
109 [4129405632] INFO perfrun.launcher <> - plugin [] was disabled because it doesn't support the given collection type.
109 [4129405632] INFO perfrun.launcher <> - plugin [] was disabled because it doesn't support the given collection type.
109 [4129405632] INFO perfrun.launcher <> - plugin [] was disabled because it doesn't support the given collection type.
109 [4129405632] INFO perfrun.launcher <> - plugin [] was disabled because it doesn't support the given collection type.
109 [4129405632] INFO perfrun.launcher <> - plugin [] was disabled because it doesn't support the given collection type.
109 [4129405632] INFO perfrun.launcher <> - plugin [] was disabled because it doesn't support the given collection type.
109 [4129405632] INFO perfrun.launcher <> - plugin [] was disabled because it doesn't support the given collection type.
109 [4129405632] INFO perfrun.launcher <> - plugin [] was disabled because it doesn't support the given collection type.
109 [4129405632] INFO perfrun.launcher <> - plugin [] was disabled because it doesn't support the given collection type.
109 [4129405632] INFO perfrun.launcher <> - plugin [] was disabled because it doesn't support the given collection type.
109 [4129405632] INFO perfrun.launcher <> - plugin [] was disabled because it doesn't support the given collection type.
109 [4129405632] INFO perfrun.launcher <> - plugin [] was disabled because it doesn't support the given collection type.
109 [4129405632] INFO perfrun.launcher <> - plugin [] was disabled because it doesn't support the given collection type.
109 [4129405632] INFO perfrun.launcher <> - plugin [] was disabled because it doesn't support the given collection type.
109 [4129405632] INFO perfrun.launcher <> - plugin [] was disabled because it doesn't support the given collection type.
109 [4129405632] INFO perfrun.launcher <> - plugin [] was disabled because it doesn't support the given collection type.
109 [4129405632] INFO perfrun.launcher <> - plugin [] was disabled because it doesn't support the given collection type.
109 [4129405632] INFO perfrun.launcher <> - plugin [] was disabled because it doesn't support the given collection type.
109 [4129405632] INFO perfrun.launcher <> - plugin [] was disabled because it doesn't support the given collection type.
109 [4129405632] INFO perfrun.launcher <> - plugin [] was disabled because it doesn't support the given collection type.
109 [4129405632] INFO perfrun.launcher <> - plugin [] was disabled because it doesn't support the given collection type.
109 [4129947200] INFO perfrun.launcher <> - Application exit code: 0
109 [4129947200] INFO perfrun.launcher <> - Exit code: 0
