7 [4130545216] INFO perfrun.launcher <> - Launcher main begin
8 [4130545216] INFO perfrun.launcher <> - MessageCatalogInit finished
8 [4130545216] INFO perfrun.launcher <> - Launcher instance created
8 [4130545216] INFO perfrun.launcher <> - argc = 6; cmdline = /home/sdp/intel/oneapi/vtune/2024.0/bin32/amplxe-runss -dump-vdso -r /home/sdp/yosef/NPB-CPP/NPB-OMP/vtunes/lu.A.56/r000hs --tmp-dir /tmp/amplxe-tmp-sdp 
51 [4130545216] INFO perfrun.launcher <> - create msngr2::ICliToolContext
51 [4130545216] INFO perfrun.launcher <> - create file finder object
89 [4130003648] INFO perfrun.launcher <> - plugin [remoteplug] was disabled because it doesn't support the given collection type.
89 [4130003648] INFO perfrun.launcher <> - plugin [] was disabled because it doesn't support the given collection type.
89 [4130003648] INFO perfrun.vdso <> - dumping [vdso] pseudomodule
89 [4130003648] INFO perfrun.launcher <> - plugin [] was disabled because it doesn't support the given collection type.
89 [4130003648] INFO perfrun.launcher <> - plugin [] was disabled because it doesn't support the given collection type.
89 [4130003648] INFO perfrun.launcher <> - plugin [] was disabled because it doesn't support the given collection type.
90 [4130003648] INFO perfrun.launcher <> - plugin [] was disabled because it doesn't support the given collection type.
90 [4130003648] INFO perfrun.launcher <> - plugin [] was disabled because it doesn't support the given collection type.
90 [4130003648] INFO perfrun.launcher <> - plugin [] was disabled because it doesn't support the given collection type.
90 [4130003648] INFO perfrun.launcher <> - plugin [] was disabled because it doesn't support the given collection type.
90 [4130003648] INFO perfrun.launcher <> - plugin [] was disabled because it doesn't support the given collection type.
90 [4130003648] INFO perfrun.launcher <> - plugin [] was disabled because it doesn't support the given collection type.
90 [4130003648] INFO perfrun.launcher <> - plugin [] was disabled because it doesn't support the given collection type.
90 [4130003648] INFO perfrun.launcher <> - plugin [] was disabled because it doesn't support the given collection type.
90 [4130003648] INFO perfrun.launcher <> - plugin [] was disabled because it doesn't support the given collection type.
90 [4130003648] INFO perfrun.launcher <> - plugin [] was disabled because it doesn't support the given collection type.
90 [4130003648] INFO perfrun.launcher <> - plugin [] was disabled because it doesn't support the given collection type.
90 [4130003648] INFO perfrun.launcher <> - plugin [] was disabled because it doesn't support the given collection type.
90 [4130003648] INFO perfrun.launcher <> - plugin [] was disabled because it doesn't support the given collection type.
90 [4130003648] INFO perfrun.launcher <> - plugin [] was disabled because it doesn't support the given collection type.
90 [4130003648] INFO perfrun.launcher <> - plugin [] was disabled because it doesn't support the given collection type.
90 [4130003648] INFO perfrun.launcher <> - plugin [] was disabled because it doesn't support the given collection type.
90 [4130003648] INFO perfrun.launcher <> - plugin [] was disabled because it doesn't support the given collection type.
90 [4130003648] INFO perfrun.launcher <> - plugin [] was disabled because it doesn't support the given collection type.
90 [4130003648] INFO perfrun.launcher <> - plugin [] was disabled because it doesn't support the given collection type.
90 [4130003648] INFO perfrun.launcher <> - plugin [] was disabled because it doesn't support the given collection type.
90 [4130003648] INFO perfrun.launcher <> - plugin [] was disabled because it doesn't support the given collection type.
90 [4130545216] INFO perfrun.launcher <> - Application exit code: 0
90 [4130545216] INFO perfrun.launcher <> - Exit code: 0
